  Building Custom Rule D:/OpenGLSuperBible/sb7code-master/CMakeLists.txt
  CMake does not need to re-run because D:/OpenGLSuperBible/sb7code-master/build/CMakeFiles/generate.stamp is up-to-date.
  sb7.cpp
D:\OpenGLSuperBible\sb7code-master\include\sb7.h : warning C4819: 현재 코드 페이지(949)에서 표시할 수 없는 문자가 파일에 들어 있습니다. 데이터가 손실되지 않게 하려면 해당 파일을 유니코드 형식으로 저장하십시오.
d:\openglsuperbible\sb7code-master\include\sb7ext.h : warning C4819: 현재 코드 페이지(949)에서 표시할 수 없는 문자가 파일에 들어 있습니다. 데이터가 손실되지 않게 하려면 해당 파일을 유니코드 형식으로 저장하십시오.
  sb7color.cpp
D:\OpenGLSuperBible\sb7code-master\include\vmath.h(1022): warning C4244: '초기화 중': 'double'에서 'float'(으)로 변환하면서 데이터가 손실될 수 있습니다.
D:\OpenGLSuperBible\sb7code-master\include\sb7color.h : warning C4819: 현재 코드 페이지(949)에서 표시할 수 없는 문자가 파일에 들어 있습니다. 데이터가 손실되지 않게 하려면 해당 파일을 유니코드 형식으로 저장하십시오.
  sb7ktx.cpp
D:\OpenGLSuperBible\sb7code-master\src\sb7\sb7ktx.cpp : warning C4819: 현재 코드 페이지(949)에서 표시할 수 없는 문자가 파일에 들어 있습니다. 데이터가 손실되지 않게 하려면 해당 파일을 유니코드 형식으로 저장하십시오.
  sb7object.cpp
D:\OpenGLSuperBible\sb7code-master\src\sb7\sb7object.cpp : warning C4819: 현재 코드 페이지(949)에서 표시할 수 없는 문자가 파일에 들어 있습니다. 데이터가 손실되지 않게 하려면 해당 파일을 유니코드 형식으로 저장하십시오.
D:\OpenGLSuperBible\sb7code-master\include\object.h : warning C4819: 현재 코드 페이지(949)에서 표시할 수 없는 문자가 파일에 들어 있습니다. 데이터가 손실되지 않게 하려면 해당 파일을 유니코드 형식으로 저장하십시오.
d:\openglsuperbible\sb7code-master\include\sb6mfile.h : warning C4819: 현재 코드 페이지(949)에서 표시할 수 없는 문자가 파일에 들어 있습니다. 데이터가 손실되지 않게 하려면 해당 파일을 유니코드 형식으로 저장하십시오.
  sb7shader.cpp
D:\OpenGLSuperBible\sb7code-master\src\sb7\sb7shader.cpp : warning C4819: 현재 코드 페이지(949)에서 표시할 수 없는 문자가 파일에 들어 있습니다. 데이터가 손실되지 않게 하려면 해당 파일을 유니코드 형식으로 저장하십시오.
  sb7textoverlay.cpp
D:\OpenGLSuperBible\sb7code-master\src\sb7\sb7textoverlay.cpp : warning C4819: 현재 코드 페이지(949)에서 표시할 수 없는 문자가 파일에 들어 있습니다. 데이터가 손실되지 않게 하려면 해당 파일을 유니코드 형식으로 저장하십시오.
D:\OpenGLSuperBible\sb7code-master\include\sb7.h : warning C4819: 현재 코드 페이지(949)에서 표시할 수 없는 문자가 파일에 들어 있습니다. 데이터가 손실되지 않게 하려면 해당 파일을 유니코드 형식으로 저장하십시오.
d:\openglsuperbible\sb7code-master\include\sb7ext.h : warning C4819: 현재 코드 페이지(949)에서 표시할 수 없는 문자가 파일에 들어 있습니다. 데이터가 손실되지 않게 하려면 해당 파일을 유니코드 형식으로 저장하십시오.
  코드를 생성하고 있습니다...
  gl3w.c
  sb7.vcxproj -> D:\OpenGLSuperBible\sb7code-master\lib\sb7_d.lib
